<?xml version="1.0" encoding="UTF-8"?>
<testsuite xmlns:xsi="http://www.w3.org/2001/XMLSchema-instance" xsi:noNamespaceSchemaLocation="https://maven.apache.org/surefire/maven-surefire-plugin/xsd/surefire-test-report-3.0.xsd" version="3.0" name="site.easy.to.build.crm.CrmApplicationTests" time="9.675" tests="1" errors="0" skipped="0" failures="0">
  <properties>
[...]
</properties>
  <testcase name="contextLoads" classname="site.easy.to.build.crm.CrmApplicationTests" time="0.489">
    <system-out><![CDATA[07:22:14.681 [main] INFO org.springframework.test.context.support.AnnotationConfigContextLoaderUtils -- Could not detect default configuration classes for test class [site.easy.to.build.crm.CrmApplicationTests]: CrmApplicationTests does not declare any static, non-private, non-final, nested classes annotated with @Configuration.
07:22:14.819 [main] INFO org.springframework.boot.test.context.SpringBootTestContextBootstrapper -- Found @SpringBootConfiguration site.easy.to.build.crm.CrmApplication for test class site.easy.to.build.crm.CrmApplicationTests

  .   ____          _            __ _ _
 /\\ / ___'_ __ _ _(_)_ __  __ _ \ \ \ \
( ( )\___ | '_ | '_| | '_ \/ _` | \ \ \ \
 \\/  ___)| |_)| | | | | || (_| |  ) ) ) )
  '  |____| .__|_| |_|_| |_\__, | / / / /
 =========|_|==============|___/=/_/_/_/
 :: Spring Boot ::                (v3.1.0)

2024-10-19T07:22:15.331+05:30  INFO 24928 --- [           main] s.easy.to.build.crm.CrmApplicationTests  : Starting CrmApplicationTests using Java 19.0.1 with PID 24928 (started by alokr in C:\Users\alokr\OneDrive\Desktop\Customer Connect)
2024-10-19T07:22:15.332+05:30  INFO 24928 --- [           main] s.easy.to.build.crm.CrmApplicationTests  : No active profile set, falling back to 1 default profile: "default"
2024-10-19T07:22:17.294+05:30  INFO 24928 --- [           main] .s.d.r.c.RepositoryConfigurationDelegate : Bootstrapping Spring Data JPA repositories in DEFAULT mode.
2024-10-19T07:22:17.575+05:30  INFO 24928 --- [           main] .s.d.r.c.RepositoryConfigurationDelegate : Finished Spring Data repository scanning in 263 ms. Found 16 JPA repository interfaces.
2024-10-19T07:22:18.510+05:30  INFO 24928 --- [           main] com.zaxxer.hikari.HikariDataSource       : HikariPool-1 - Starting...
2024-10-19T07:22:19.138+05:30  INFO 24928 --- [           main] com.zaxxer.hikari.pool.HikariPool        : HikariPool-1 - Added connection com.mysql.cj.jdbc.ConnectionImpl@7a606260
2024-10-19T07:22:19.141+05:30  INFO 24928 --- [           main] com.zaxxer.hikari.HikariDataSource       : HikariPool-1 - Start completed.
2024-10-19T07:22:19.353+05:30  INFO 24928 --- [           main] o.hibernate.jpa.internal.util.LogHelper  : HHH000204: Processing PersistenceUnitInfo [name: default]
2024-10-19T07:22:19.456+05:30  INFO 24928 --- [           main] org.hibernate.Version                    : HHH000412: Hibernate ORM core version 6.2.2.Final
2024-10-19T07:22:19.459+05:30  INFO 24928 --- [           main] org.hibernate.cfg.Environment            : HHH000406: Using bytecode reflection optimizer
2024-10-19T07:22:19.753+05:30  INFO 24928 --- [           main] o.h.b.i.BytecodeProviderInitiator        : HHH000021: Bytecode provider name : bytebuddy
2024-10-19T07:22:19.940+05:30  INFO 24928 --- [           main] o.s.o.j.p.SpringPersistenceUnitInfo      : No LoadTimeWeaver setup: ignoring JPA class transformer
2024-10-19T07:22:20.021+05:30  INFO 24928 --- [           main] org.hibernate.orm.dialect                : HHH035001: Using dialect: org.hibernate.dialect.MySQLDialect, version: 8.3
2024-10-19T07:22:20.400+05:30  INFO 24928 --- [           main] o.h.b.i.BytecodeProviderInitiator        : HHH000021: Bytecode provider name : bytebuddy
2024-10-19T07:22:21.530+05:30  INFO 24928 --- [           main] o.h.e.t.j.p.i.JtaPlatformInitiator       : HHH000490: Using JtaPlatform implementation: [org.hibernate.engine.transaction.jta.platform.internal.NoJtaPlatform]
2024-10-19T07:22:21.534+05:30  INFO 24928 --- [           main] j.LocalContainerEntityManagerFactoryBean : Initialized JPA EntityManagerFactory for persistence unit 'default'
2024-10-19T07:22:22.722+05:30  WARN 24928 --- [           main] JpaBaseConfiguration$JpaWebConfiguration : spring.jpa.open-in-view is enabled by default. Therefore, database queries may be performed during view rendering. Explicitly configure spring.jpa.open-in-view to disable this warning
2024-10-19T07:22:22.968+05:30  INFO 24928 --- [           main] o.s.b.a.w.s.WelcomePageHandlerMapping    : Adding welcome page template: index
2024-10-19T07:22:23.188+05:30  INFO 24928 --- [           main] o.s.s.web.DefaultSecurityFilterChain     : Will secure any request with [org.springframework.security.web.session.DisableEncodeUrlFilter@63ee2891, org.springframework.security.web.context.request.async.WebAsyncManagerIntegrationFilter@9670873, org.springframework.security.web.context.SecurityContextHolderFilter@2cea41ab, org.springframework.security.web.header.HeaderWriterFilter@3533b614, org.springframework.security.web.csrf.CsrfFilter@24032706, org.springframework.security.web.authentication.logout.LogoutFilter@39153b05, org.springframework.security.oauth2.client.web.OAuth2AuthorizationRequestRedirectFilter@41dcfd0, org.springframework.security.oauth2.client.web.OAuth2LoginAuthenticationFilter@1fcb01f8, org.springframework.security.web.authentication.UsernamePasswordAuthenticationFilter@521e34d4, org.springframework.security.web.savedrequest.RequestCacheAwareFilter@486480e2, org.springframework.security.web.servletapi.SecurityContextHolderAwareRequestFilter@7be95197, org.springframework.security.web.authentication.AnonymousAuthenticationFilter@4ee41c66, org.springframework.security.web.access.ExceptionTranslationFilter@14f8fdae, org.springframework.security.web.access.intercept.AuthorizationFilter@77e2a5d3]
2024-10-19T07:22:23.195+05:30  INFO 24928 --- [           main] o.s.s.web.DefaultSecurityFilterChain     : Will secure Or [Mvc [pattern='/customer-login/**']] with [org.springframework.security.web.session.DisableEncodeUrlFilter@5292d417, org.springframework.security.web.context.request.async.WebAsyncManagerIntegrationFilter@415c5469, org.springframework.security.web.context.SecurityContextHolderFilter@4c43c37d, org.springframework.security.web.header.HeaderWriterFilter@7aa44fa2, org.springframework.security.web.csrf.CsrfFilter@6b78cbee, org.springframework.security.web.authentication.logout.LogoutFilter@28f5a003, org.springframework.security.web.authentication.UsernamePasswordAuthenticationFilter@57629340, org.springframework.security.web.savedrequest.RequestCacheAwareFilter@61c946a0, org.springframework.security.web.servletapi.SecurityContextHolderAwareRequestFilter@227e4ea8, org.springframework.security.web.authentication.AnonymousAuthenticationFilter@5aef36a9, org.springframework.security.web.access.ExceptionTranslationFilter@70b67841, org.springframework.security.web.access.intercept.AuthorizationFilter@53791a39]
2024-10-19T07:22:23.632+05:30  INFO 24928 --- [           main] s.easy.to.build.crm.CrmApplicationTests  : Started CrmApplicationTests in 8.635 seconds (process running for 9.755)
]]></system-out>
  </testcase>
</testsuite>